2025-11-24T20:24:18+01:00 [debug:2] SERVER -> CLIENT: 220 smtp.gmail.com ESMTP d2e1a72fcca58-7c3ecf7e08fsm15470540b3a.10 - gsmtp

2025-11-24T20:24:18+01:00 [debug:1] CLIENT -> SERVER: EHLO LAPTOP-HDQTLNTI

2025-11-24T20:24:18+01:00 [debug:2] SERVER -> CLIENT: 250-smtp.gmail.com at your service, [157.51.97.186]
250-SIZE 35882577
250-8BITMIME
250-STARTTLS
250-ENHANCEDSTATUSCODES
250-PIPELINING
250-CHUNKING
250 SMTPUTF8

2025-11-24T20:24:18+01:00 [debug:1] CLIENT -> SERVER: STARTTLS

2025-11-24T20:24:18+01:00 [debug:2] SERVER -> CLIENT: 220 2.0.0 Ready to start TLS

2025-11-24T20:24:19+01:00 [debug:1] CLIENT -> SERVER: EHLO LAPTOP-HDQTLNTI

2025-11-24T20:24:19+01:00 [debug:2] SERVER -> CLIENT: 250-smtp.gmail.com at your service, [157.51.97.186]
250-SIZE 35882577
250-8BITMIME
250-AUTH LOGIN PLAIN XOAUTH2 PLAIN-CLIENTTOKEN OAUTHBEARER XOAUTH
250-ENHANCEDSTATUSCODES
250-PIPELINING
250-CHUNKING
250 SMTPUTF8

2025-11-24T20:24:19+01:00 [debug:1] CLIENT -> SERVER: AUTH LOGIN

2025-11-24T20:24:19+01:00 [debug:2] SERVER -> CLIENT: 334 VXNlcm5hbWU6

2025-11-24T20:24:19+01:00 [debug:1] CLIENT -> SERVER: [credentials hidden]
2025-11-24T20:24:19+01:00 [debug:2] SERVER -> CLIENT: 334 UGFzc3dvcmQ6

2025-11-24T20:24:19+01:00 [debug:1] CLIENT -> SERVER: [credentials hidden]
2025-11-24T20:24:20+01:00 [debug:2] SERVER -> CLIENT: 235 2.7.0 Accepted

2025-11-24T20:24:20+01:00 [debug:1] CLIENT -> SERVER: MAIL FROM:<acethumbstudio@gmail.com>

2025-11-24T20:24:20+01:00 [debug:2] SERVER -> CLIENT: 250 2.1.0 OK d2e1a72fcca58-7c3ecf7e08fsm15470540b3a.10 - gsmtp

2025-11-24T20:24:20+01:00 [debug:1] CLIENT -> SERVER: RCPT TO:<vinodh0512@gmail.com>

2025-11-24T20:24:20+01:00 [debug:2] SERVER -> CLIENT: 250 2.1.5 OK d2e1a72fcca58-7c3ecf7e08fsm15470540b3a.10 - gsmtp

2025-11-24T20:24:20+01:00 [debug:1] CLIENT -> SERVER: DATA

2025-11-24T20:24:21+01:00 [debug:2] SERVER -> CLIENT: 354 Go ahead d2e1a72fcca58-7c3ecf7e08fsm15470540b3a.10 - gsmtp

2025-11-24T20:24:21+01:00 [debug:1] CLIENT -> SERVER: Date: Mon, 24 Nov 2025 20:24:17 +0100

2025-11-24T20:24:21+01:00 [debug:1] CLIENT -> SERVER: To: vinodh0512@gmail.com

2025-11-24T20:24:21+01:00 [debug:1] CLIENT -> SERVER: From: ComicVerse <acethumbstudio@gmail.com>

2025-11-24T20:24:21+01:00 [debug:1] CLIENT -> SERVER: Subject: ComicVerse Mailer Test

2025-11-24T20:24:21+01:00 [debug:1] CLIENT -> SERVER: Message-ID: <E5msSLzBxwZK4DjlFRd87pg0lSK8YQoBDjCin3xXE@LAPTOP-HDQTLNTI>

2025-11-24T20:24:21+01:00 [debug:1] CLIENT -> SERVER: X-Mailer: PHPMailer 7.0.0 (https://github.com/PHPMailer/PHPMailer)

2025-11-24T20:24:21+01:00 [debug:1] CLIENT -> SERVER: MIME-Version: 1.0

2025-11-24T20:24:21+01:00 [debug:1] CLIENT -> SERVER: Content-Type: multipart/alternative;

2025-11-24T20:24:21+01:00 [debug:1] CLIENT -> SERVER:  boundary="b1=_E5msSLzBxwZK4DjlFRd87pg0lSK8YQoBDjCin3xXE"

2025-11-24T20:24:21+01:00 [debug:1] CLIENT -> SERVER: Content-Transfer-Encoding: 8bit

2025-11-24T20:24:21+01:00 [debug:1] CLIENT -> SERVER: 

2025-11-24T20:24:21+01:00 [debug:1] CLIENT -> SERVER: --b1=_E5msSLzBxwZK4DjlFRd87pg0lSK8YQoBDjCin3xXE

2025-11-24T20:24:21+01:00 [debug:1] CLIENT -> SERVER: Content-Type: text/plain; charset=us-ascii

2025-11-24T20:24:21+01:00 [debug:1] CLIENT -> SERVER: 

2025-11-24T20:24:21+01:00 [debug:1] CLIENT -> SERVER: Mailer TestThis is a test email from ComicVerse.

2025-11-24T20:24:21+01:00 [debug:1] CLIENT -> SERVER: 

2025-11-24T20:24:21+01:00 [debug:1] CLIENT -> SERVER: --b1=_E5msSLzBxwZK4DjlFRd87pg0lSK8YQoBDjCin3xXE

2025-11-24T20:24:21+01:00 [debug:1] CLIENT -> SERVER: Content-Type: text/html; charset=us-ascii

2025-11-24T20:24:21+01:00 [debug:1] CLIENT -> SERVER: 

2025-11-24T20:24:21+01:00 [debug:1] CLIENT -> SERVER: <h2>Mailer Test</h2><p>This is a test email from ComicVerse.</p>

2025-11-24T20:24:21+01:00 [debug:1] CLIENT -> SERVER: 

2025-11-24T20:24:21+01:00 [debug:1] CLIENT -> SERVER: 

2025-11-24T20:24:21+01:00 [debug:1] CLIENT -> SERVER: --b1=_E5msSLzBxwZK4DjlFRd87pg0lSK8YQoBDjCin3xXE--

2025-11-24T20:24:21+01:00 [debug:1] CLIENT -> SERVER: 

2025-11-24T20:24:21+01:00 [debug:1] CLIENT -> SERVER: .

2025-11-24T20:24:22+01:00 [debug:2] SERVER -> CLIENT: 250 2.0.0 OK  1764012262 d2e1a72fcca58-7c3ecf7e08fsm15470540b3a.10 - gsmtp

2025-11-24T20:24:22+01:00 [debug:1] CLIENT -> SERVER: QUIT

2025-11-24T20:24:22+01:00 [debug:2] SERVER -> CLIENT: 221 2.0.0 closing connection d2e1a72fcca58-7c3ecf7e08fsm15470540b3a.10 - gsmtp

